Application is running with Unicode string encoding.
W : pro_bind : attempt to bind function "get_model_file_full_path" , which is already bound
DUMMY - pro_set_input_devices_allowed
DUMMY - putxyres
pglSetStatus: Pgl Session Initialize
DUMMY - putxyres
Valid file wpplibs.cmp with extension cmp was not found in any of CURRENT_DIR,PROJ_LANG_TEXT_DIR,PROJ_TEXT_DIR,CUSTOM_LOCALE_FONT_DIR,PRO_LANG_TEXT_DIR,PRO_TEXT_DIR,MACHINE_LANG_TEXT_DIR,MACHINE_TEXT_DIR,PRO_FONT_DIR
Valid file wpplibs.cmp with extension cmp was not found in any of CURRENT_DIR,PROJ_LANG_TEXT_DIR,PROJ_TEXT_DIR,CUSTOM_LOCALE_FONT_DIR,PRO_LANG_TEXT_DIR,PRO_TEXT_DIR,MACHINE_LANG_TEXT_DIR,MACHINE_TEXT_DIR,PRO_FONT_DIR
uit_get_visual_style_low:  Style is PTC Creo 1 (INFO MESSAGE)
GalleryBaseWdg::GalleryBaseWdg:  Activate command of 'ProCmdDwgTblFromGallery' should be type uiCmdTypeNone (INFO MESSAGE)
GalleryBaseWdg::GalleryBaseWdg:  Activate command of 'ProCmdCEFormatsGallery' should be type uiCmdTypeNone (INFO MESSAGE)
GalleryBaseWdg::GalleryBaseWdg:  Activate command of 'ProCmdCEFltFormatsGallery' should be type uiCmdTypeNone (INFO MESSAGE)
uit_CmdUiLoadIfNeeded:  The size of image 'mechanism_large' is not valid ('32x32') in short resource 'procmdutilappmech.res' (INFO MESSAGE)
uit_CmdUiLoadIfNeeded:  The size of image 'animation_large' is not valid ('32x32') in short resource 'procmdutilappanim.res' (INFO MESSAGE)
uit_CmdUiLoadIfNeeded:  The size of image 'welding_large' is not valid ('32x32') in short resource 'procmdutilappasmweld.res' (INFO MESSAGE)
uit_CmdUiLoadIfNeeded:  The size of image 'welding_large' is not valid ('32x32') in short resource 'procmdutilappprtweld.res' (INFO MESSAGE)
uit_CmdUiLoadIfNeeded:  The size of image 'piping_large' is not valid ('32x32') in short resource 'procmdutilapppipe.res' (INFO MESSAGE)
uit_CmdUiLoadIfNeeded:  The size of image 'cabling_large' is not valid ('32x32') in short resource 'procmdutilappcable.res' (INFO MESSAGE)
uit_CmdUiLoadIfNeeded:  The size of image 'mold_cast_large' is not valid ('32x32') in short resource 'procmdutilappmoldcast.res' (INFO MESSAGE)
uit_CmdUiLoadIfNeeded:  The size of image 'mold_layout_large' is not valid ('32x32') in short resource 'procmdutilappasmmoldlayout.res' (INFO MESSAGE)
uit_CmdUiLoadIfNeeded:  The size of image 'drawing_app_large.bif' is not valid ('32x32') in short resource 'procmdutilappdwgstd.res' (INFO MESSAGE)
uit_CmdUiLoadIfNeeded:  The size of image 'legacy_drawing_associator_large.bif' is not valid ('32x32') in short resource 'procmdutilappdwglgcy.res' (INFO MESSAGE)
uit_CmdUiLoadIfNeeded:  The size of image 'drw_template_view_large.bif' is not valid ('32x32') in short resource 'procmdutilappdwgtmplt.res' (INFO MESSAGE)
uit_CmdUiLoadIfNeeded:  The size of image 'piping_large.bif' is not valid ('32x32') in short resource 'procmdutilappdwgpipe.res' (INFO MESSAGE)
uit_CmdUiLoadIfNeeded:  The size of image 'harness_mfg_large' is not valid ('32x32') in short resource 'procmdhmestart.res' (INFO MESSAGE)
ProCmdSelBufferAttrSet():  Can't to find the command: ProCmdFaceted (INFO MESSAGE)
ProCmdSelBufferAttrSet():  Selection Buffer Attribute loaded 41 commands (INFO MESSAGE)
GalleryBaseWdg::GalleryBaseWdg:  Activate command of 'ProCmdMankSelGalPostr' should be type uiCmdTypeNone (INFO MESSAGE)
uit_CmdUiLoadIfNeeded:  The size of image 'man_postures_apply.bif' is not valid ('32x32') in short resource 'procmdmankapplgalpostr.res' (INFO MESSAGE)
uit_CmdUiLoadIfNeeded:  Can't find a resource ProCmd3dPrintQualityMode. (INFO MESSAGE)
uit_CmdUiLoadIfNeeded:  The size of image 'print_3d_large' is not valid ('32x32') in short resource 'procmd3dprint.res' (INFO MESSAGE)
uit_CmdUiLoadIfNeeded:  The size of image 'save_as_large' is not valid ('32x32') in short resource 'procmd3dprintsaveas.res' (INFO MESSAGE)
UitGroupItem::initVertCells:  The maximum group height has been increased to 73 (INFO MESSAGE)
addHints:  adding UGC_NEUTRAL (INFO MESSAGE)
maybe_open:  hint is UGC_NEUTRAL (INFO MESSAGE)
ugc_check_version_dbtype:  file 67 != expected 7 (INFO MESSAGE)
addHints:  adding UGC_NEUTRAL (INFO MESSAGE)
maybe_open:  hint is UGC_NEUTRAL (INFO MESSAGE)
ugc_check_version_dbtype:  file 67 != expected 7 (INFO MESSAGE)
addHints:  adding UGC_NEUTRAL (INFO MESSAGE)
maybe_open:  hint is UGC_NEUTRAL (INFO MESSAGE)
ULC::LoadLow:  The customization file is being read from C:\Users\brandonadams\AppData\Roaming\PTC\ProENGINEER\Wildfire\.wf\.Settings\creo_parametric_customization.ui
 (INFO MESSAGE)
uit_CmdUiLoadIfNeeded:  The size of image 'print_3d_large' is not valid ('32x32') in short resource 'procmdmodel3dprint.res' (INFO MESSAGE)
uit_CmdUiLoadIfNeeded:  The size of image 'dtl_options_large' is not valid ('32x32') in short resource 'procmddwgproperties.res' (INFO MESSAGE)
uit_CmdUiLoadIfNeeded:  The size of image 'start_session_large.bif' is not valid ('32x32') in short resource 'procmdstartexperiment.res' (INFO MESSAGE)
uit_CmdUiLoadIfNeeded:  The size of image 'open_large.bif' is not valid ('32x32') in short resource 'procmdretrievetryoutsess.res' (INFO MESSAGE)
uit_CmdUiLoadIfNeeded:  The size of image 'report32x32.bif' is not valid ('32x32') in short resource 'procmdtryouttoprpt.res' (INFO MESSAGE)
uit_CmdUiLoadIfNeeded:  The size of image 'view_properties_large.bif' is not valid ('32x32') in short resource 'procmdsettryoutsessprops.res' (INFO MESSAGE)
uit_CmdUiLoadIfNeeded:  The size of image 'options_large.bif' is not valid ('32x32') in short resource 'procmdribbonoptionsdlg.res' (INFO MESSAGE)
ResizeControlWdg::resizeContainerHorz:  Can't resize the control bar properly (INFO MESSAGE)
ResizeControlWdg::resizeContainerHorz:  Can't resize the control bar properly (INFO MESSAGE)
uit_CmdUiLoadIfNeeded:  The size of image 'session_warning_events32x16' is not valid ('32x16') in short resource 'procmdinfonmgrlightdlg.res' (INFO MESSAGE)
uit_get_visual_style_low:  Style is PTC Creo 1 (INFO MESSAGE)
pglSetStatus: PglWindowEndNoGraphics: Not in nographics mode.

 run mode = 2
cadds5_link_app_path_name():  NuTCRACKER is not installed (INFO MESSAGE)
DUMMY - getpid
DUMMY - getpid
addHints:  adding UGC_NEUTRAL (INFO MESSAGE)
maybe_open:  hint is UGC_NEUTRAL (INFO MESSAGE)
addHints:  adding UGC_NEUTRAL (INFO MESSAGE)
maybe_open:  hint is UGC_NEUTRAL (INFO MESSAGE)
check_exec_file_accessible_():  C:\Program Files\PTC\Creo 3.0\M110\Common Files\\x86e_win64\obj\SWToPro.exe accessible (INFO MESSAGE)
check_exec_file_accessible_():  C:\Program Files\PTC\Creo 3.0\M110\Common Files\\x86e_win64\obj\SeodxToPro.exe accessible (INFO MESSAGE)
PFSDBArrToFilter:  shouldn't do both (INFO MESSAGE)
PFSTMakeTypeString:  no zip found (INFO MESSAGE)
_uit_adb_group_item_generate:  Item 'Tools_ProTk' - Empty container (INFO MESSAGE)
AdbPage::buildSizeStateTable:  Can't build Size State Table for page 'home_File' (INFO MESSAGE)
pro_locate_colormap ()
located color definition C:\Program Files\PTC\Creo 3.0\M110\Common Files\graphic-library\appearances\appearance.dmt
pro_locate_colormap ()
located color definition C:\Program Files\PTC\Creo 3.0\M110\Common Files\graphic-library\appearances\global.dmt
pro_locate_colormap ()
located Default color definition C:\Program Files\PTC\Creo 3.0\M110\Common Files\graphic-library\appearances\default.dmt
creoapp_get_root_info:  no active workspace (INFO MESSAGE)
creoapp_get_root_info:  no workspace for 0 (INFO MESSAGE)
creoapp_get_root_info:  no roots? (INFO MESSAGE)

proep_browser_url_funcCB : URL =
 proep://local_proesession?fcpath=C%3A%5CUsers%5Cbrandonadams%5CDesktop%5CYSA%20Research%5C&action=foldercontent
fsl_selection_from_list:  no selection and no input panel (INFO MESSAGE)
dlg_load_pfa_shortcuts:  component In Session exists (INFO MESSAGE)
dlg_load_pfa_shortcuts:  component desktop_pb exists (INFO MESSAGE)
dlg_load_pfa_shortcuts:  component mydocs_pb exists (INFO MESSAGE)
dlg_load_pfa_shortcuts:  component computer_pb exists (INFO MESSAGE)
dlg_load_pfa_shortcuts:  component Current Dir exists (INFO MESSAGE)
dlg_load_pfa_shortcuts:  component network exists (INFO MESSAGE)
dlg_load_pfa_shortcuts:  component Manikins_shortcut exists (INFO MESSAGE)
dlg_load_pfa_shortcuts:  component view_favorites exists (INFO MESSAGE)

proep_browser_url_funcCB : URL =
 proep://local_proesession?fcpath=C%3A%5CUsers%5Cbrandonadams%5CDesktop%5CYSA%20Research%5C&action=foldercontent
IntfSettingsHandlerById:  uninitialized 0 (INFO MESSAGE)
IntfSettingsHandlerById:  uninitialized 3 (INFO MESSAGE)
IntfSettingsHandlerById:  uninitialized 0 (INFO MESSAGE)
IntfSettingsHandlerById:  uninitialized 3 (INFO MESSAGE)
IntfSettingsHandlerById:  uninitialized 0 (INFO MESSAGE)
IntfSettingsHandlerById:  uninitialized 3 (INFO MESSAGE)
IntfSettingsHandlerById:  uninitialized 0 (INFO MESSAGE)
IntfSettingsHandlerById:  uninitialized 3 (INFO MESSAGE)
DlgImptNewModel:  using values from profile (INFO MESSAGE)
nl_fill_path_name::  fill_pfa: full_name=cage2.prt, session_name=CAGE2 obj_type=2 (INFO MESSAGE)
dbmsop_save_is_for_wrapper_gen:  10 != 9 (INFO MESSAGE)
addHints:  adding SKIP_PENDING (INFO MESSAGE)
maybe_open:  hint is SKIP_PENDING (INFO MESSAGE)
maybe_open:  access failed (INFO MESSAGE)
ugc_set_cur_portion:  reset encountered (INFO MESSAGE)
ProImportfeatCreate_low():  uninitialized profile! (INFO MESSAGE)
feat_ptr_layer_id_low:  Failed to get layer id for feat 5 (INFO MESSAGE)
interface_geometry_low:  Proc.time 00:00:00. (INFO MESSAGE)
feattop_with_data_n_func:  layer idx -2
 (INFO MESSAGE)
W-promenu_on_button can not find PART-Move Dim
W-promenu_on_button can not find PART-Export
W-promenu_on_button can not find PART-List Declare
W-promenu_on_button can not find PART-Shrink Info
uit_CmdUiLoadIfNeeded:  The size of image 'dsf_layout_large' is not valid ('32x32') in short resource 'procmdoduidsfce.res' (INFO MESSAGE)
uit_CmdUiLoadIfNeeded:  The size of image 'feat_rotational_blend_large.bif' is not valid ('32x32') in short resource 'procmdftrblend.res' (INFO MESSAGE)
uit_CmdUiLoadIfNeeded:  The size of image 'publish_geometry_large' is not valid ('32x32') in short resource 'procmdoduidsfpublishgeom.res' (INFO MESSAGE)
uit_CmdUiLoadIfNeeded:  The size of image 'family_table_large' is not valid ('32x32') in short resource 'procmdmmfamtab.res' (INFO MESSAGE)
uit_CmdUiLoadIfNeeded:  The size of image 'annotation_new_combostate_large' is not valid ('32x32') in short resource 'procmdnewcombstatenocpy.res' (INFO MESSAGE)
uit_CmdUiLoadIfNeeded:  The size of image 'update_combostate_large' is not valid ('32x32') in short resource 'procmdupdcombstateorient.res' (INFO MESSAGE)
uit_CmdUiLoadIfNeeded:  The size of image 'skt_tb_view_large.bif' is not valid ('32x32') in short resource 'procmdviewactannotorient.res' (INFO MESSAGE)
uit_CmdUiLoadIfNeeded:  The size of image 'direct_assembly_move' is not valid ('32x32') in short resource 'procmdflexmoveassm.res' (INFO MESSAGE)
uit_CmdUiLoadIfNeeded:  The size of image 'mechanica_structure_large' is not valid ('32x32') in short resource 'procmdappmechanica.res' (INFO MESSAGE)
uit_CmdUiLoadIfNeeded:  The size of image 'mold_analysis_mode_large.png' is not valid ('32x32') in short resource 'procmdcmaapp.res' (INFO MESSAGE)
uit_CmdUiLoadIfNeeded:  The size of image 'embedded_mathcad_worksheet_32x32' is not valid ('32x32') in short resource 'procmdmathcaddummy.res' (INFO MESSAGE)
UitGroupCascadeItem::updateVisibleItem:  The visible item in Cascade 'casc3104001' changed to 'ProCmdEnvShaded_item' (INFO MESSAGE)
obj_action_buffer_get_w_filter_low:  Doing References Control checking. (INFO MESSAGE)
uit_CmdUiLoadIfNeeded:  Can't find a resource ProCmdMdlTreeShowHideCol. (INFO MESSAGE)
obj_action_buffer_get_w_filter_low:  Doing References Control checking. (INFO MESSAGE)
addHints:  adding UGC_NEUTRAL (INFO MESSAGE)
maybe_open:  hint is UGC_NEUTRAL (INFO MESSAGE)
obj_action_buffer_get_w_filter_low:  Doing References Control checking. (INFO MESSAGE)
obj_action_buffer_get_w_filter_low:  Doing References Control checking. (INFO MESSAGE)
obj_action_buffer_get_w_filter_low:  Doing References Control checking. (INFO MESSAGE)
addHints:  adding UGC_NEUTRAL (INFO MESSAGE)
maybe_open:  hint is UGC_NEUTRAL (INFO MESSAGE)
obj_action_buffer_get_w_filter_low:  Doing References Control checking. (INFO MESSAGE)
obj_action_buffer_get_w_filter_low:  Doing References Control checking. (INFO MESSAGE)
addHints:  adding UGC_NEUTRAL (INFO MESSAGE)
maybe_open:  hint is UGC_NEUTRAL (INFO MESSAGE)
obj_action_buffer_get_w_filter_low:  Doing References Control checking. (INFO MESSAGE)
obj_action_buffer_get_w_filter_low:  Doing References Control checking. (INFO MESSAGE)
obj_action_buffer_get_w_filter_low:  Doing References Control checking. (INFO MESSAGE)
addHints:  adding UGC_NEUTRAL (INFO MESSAGE)
maybe_open:  hint is UGC_NEUTRAL (INFO MESSAGE)
obj_action_buffer_get_w_filter_low:  Doing References Control checking. (INFO MESSAGE)
obj_action_buffer_get_w_filter_low:  Doing References Control checking. (INFO MESSAGE)
feat_ptr_layer_id_low:  Failed to get layer id for feat 7 (INFO MESSAGE)
feat_ptr_layer_id_low:  Failed to get layer id for feat 7 (INFO MESSAGE)
feat_ptr_layer_id_low:  Failed to get layer id for feat 7 (INFO MESSAGE)
feat_ptr_layer_id_low:  Failed to get layer id for feat 7 (INFO MESSAGE)
feat_ptr_layer_id_low:  Failed to get layer id for feat 7 (INFO MESSAGE)
GeomPreviewWdg_ModVisibleCB:  Geometry cannot be constructed (INFO MESSAGE)
feat_ptr_layer_id_low:  Failed to get layer id for feat 7 (INFO MESSAGE)
feat_ptr_layer_id_low:  Failed to get layer id for feat 7 (INFO MESSAGE)
feat_ptr_layer_id_low:  Failed to get layer id for feat 7 (INFO MESSAGE)
feat_ptr_layer_id_low:  Failed to get layer id for feat 7 (INFO MESSAGE)
feat_ptr_layer_id_low:  Failed to get layer id for feat 7 (INFO MESSAGE)
PreviewWdg_SetPausePopupMenuName:  Invalid level -1 (INFO MESSAGE)
ProMenuPurge:  postponing delete of item 'sl70_actionmenu' (app 2) due to undeleted child 'sl70_menu_reassemble_popup' (INFO MESSAGE)
_uit_adb_group_item_generate:  Item 'Tools_ProTk' - Empty container (INFO MESSAGE)
pro_notification_remove:  failed to find func to remove (INFO MESSAGE)
pgli_ogl_release_one_native_texture::  Invalid Opengl Context
 (INFO MESSAGE)
