clnttcp_create: connect failed, error = 10061, retrying
%UIMSG-USER-ERROR, Failed to preload image ui_floppy_5_25_device_image.png
%UIMSG-APPLICATION-ERROR, ui_create_search_path: Ignoring non-existent folder "proe/proribbon"
%UIMSG-USER-ERROR, TitleBarImage "creo_logo_parametric.ico" is the wrong size (32x32) for main_dlg_w1
%UIMSG-APPLICATION-ERROR, Did not find item <PHTLeft.CeViewTabLay> in Tab PHTLeft.ProExplorerTab@main_dlg_w1
%UIMSG-APPLICATION-ERROR, Failed to modify component: PHTLeft.ProExplorerTab, in device: main_dlg_w1
%UIMSG-APPLICATION-ERROR, Did not find item <PHTLeft.HistLay> in Tab PHTLeft.ProExplorerTab@main_dlg_w1
%UIMSG-APPLICATION-ERROR, Failed to modify component: PHTLeft.ProExplorerTab, in device: main_dlg_w1
%UIMSG-APPLICATION-ERROR, Parent message_status_container resizing child txt_messages (0,3) (1090x22) to be partially viewable in (0,0) (1062x25)
%UIMSG-APPLICATION-ERROR, Parent message_status_container resizing child lbl_help (0,0) (1066x25) to be partially viewable in (0,0) (1062x25)
%UIMSG-APPLICATION-ERROR, Could not find component: proe_win, in device: rmb_popup, for retrieve
%UIMSG-COMMAND-ERROR, uicmd_cmd_bracket_func_add: NULL uiCmdCommand
%UIMSG-APPLICATION-ERROR, ui_create_search_path: Ignoring non-existent folder "../../libs/prowtlibs"
%UIMSG-APPLICATION-ERROR, ui_create_search_path: Ignoring non-existent folder "../../proe/uitools"
%UIMSG-APPLICATION-ERROR, Could not find component: EFX_ActionMenu, in device: ProTk_DB_dev, for retrieve
%UIMSG-APPLICATION-ERROR, Could not find component: EFX_ActionMenu, in device: ProTk_DB_dev, to do operation
%UIMSG-APPLICATION-ERROR, Could not find component: EFX_ActionMenu_ProTk, in device: ProTk_DB_dev, for retrieve
%UIMSG-APPLICATION-ERROR, Could not find component: EFX_ActionMenu_ProTk, in device: ProTk_DB_dev, to do operation
%UIMSG-APPLICATION-ERROR, Could not find component: EFX_ActionMenu, in device: ProTk_DB_dev, for retrieve
%UIMSG-APPLICATION-ERROR, Could not find component: EFX_ActionMenu, in device: ProTk_DB_dev, to do operation
%UIMSG-APPLICATION-ERROR, Could not find component: EFX_ActionMenu_ProTk, in device: ProTk_DB_dev, for retrieve
%UIMSG-APPLICATION-ERROR, Could not find component: EFX_ActionMenu_ProTk, in device: ProTk_DB_dev, to do operation
%UIMSG-APPLICATION-ERROR, Could not find component: EFX_ActionMenu, in device: ProTk_DB_dev, for retrieve
%UIMSG-APPLICATION-ERROR, Could not find component: EFX_ActionMenu, in device: ProTk_DB_dev, to do operation
%UIMSG-APPLICATION-ERROR, Could not find component: EFX_ActionMenu_ProTk, in device: ProTk_DB_dev, for retrieve
%UIMSG-APPLICATION-ERROR, Could not find component: EFX_ActionMenu_ProTk, in device: ProTk_DB_dev, to do operation
%UIMSG-APPLICATION-ERROR, Could not find component: EFX_ActionMenu, in device: ProTk_DB_dev, for retrieve
%UIMSG-APPLICATION-ERROR, Could not find component: EFX_ActionMenu, in device: ProTk_DB_dev, to do operation
%UIMSG-APPLICATION-ERROR, Could not find component: EFX_ActionMenu_ProTk, in device: ProTk_DB_dev, for retrieve
%UIMSG-APPLICATION-ERROR, Could not find component: EFX_ActionMenu_ProTk, in device: ProTk_DB_dev, to do operation
%UIMSG-APPLICATION-ERROR, Could not find component: EFX_ActionMenu, in device: ProTk_DB_dev, for retrieve
%UIMSG-APPLICATION-ERROR, Could not find component: EFX_ActionMenu, in device: ProTk_DB_dev, to do operation
%UIMSG-APPLICATION-ERROR, Could not find component: EFX_ActionMenu_ProTk, in device: ProTk_DB_dev, for retrieve
%UIMSG-APPLICATION-ERROR, Could not find component: EFX_ActionMenu_ProTk, in device: ProTk_DB_dev, to do operation
%UIMSG-APPLICATION-ERROR, Could not find component: EFX_ActionMenu, in device: ProTk_DB_dev, for retrieve
%UIMSG-APPLICATION-ERROR, Could not find component: EFX_ActionMenu, in device: ProTk_DB_dev, to do operation
%UIMSG-APPLICATION-ERROR, Could not find component: EFX_ActionMenu_ProTk, in device: ProTk_DB_dev, for retrieve
%UIMSG-APPLICATION-ERROR, Could not find component: EFX_ActionMenu_ProTk, in device: ProTk_DB_dev, to do operation
%UIMSG-APPLICATION-ERROR, Could not find component: EFX_ActionMenu, in device: ProTk_DB_dev, for retrieve
%UIMSG-APPLICATION-ERROR, Could not find component: EFX_ActionMenu, in device: ProTk_DB_dev, to do operation
%UIMSG-APPLICATION-ERROR, Could not find component: EFX_ActionMenu_ProTk, in device: ProTk_DB_dev, for retrieve
%UIMSG-APPLICATION-ERROR, Could not find component: EFX_ActionMenu_ProTk, in device: ProTk_DB_dev, to do operation
%UIMSG-APPLICATION-ERROR, Could not find component: EFX_ActionMenu, in device: ProTk_DB_dev, for retrieve
%UIMSG-APPLICATION-ERROR, Could not find component: EFX_ActionMenu, in device: ProTk_DB_dev, to do operation
%UIMSG-APPLICATION-ERROR, Could not find component: EFX_ActionMenu_ProTk, in device: ProTk_DB_dev, for retrieve
%UIMSG-APPLICATION-ERROR, Could not find component: EFX_ActionMenu_ProTk, in device: ProTk_DB_dev, to do operation
%UIMSG-APPLICATION-ERROR, Could not find component: EFX_ActionMenu, in device: ProTk_DB_dev, for retrieve
%UIMSG-APPLICATION-ERROR, Could not find component: EFX_ActionMenu, in device: ProTk_DB_dev, to do operation
%UIMSG-APPLICATION-ERROR, Could not find component: EFX_ActionMenu_ProTk, in device: ProTk_DB_dev, for retrieve
%UIMSG-APPLICATION-ERROR, Could not find component: EFX_ActionMenu_ProTk, in device: ProTk_DB_dev, to do operation
%UIMSG-APPLICATION-ERROR, Could not find component: EFX_ActionMenu, in device: ProTk_DB_dev, for retrieve
%UIMSG-APPLICATION-ERROR, Could not find component: EFX_ActionMenu, in device: ProTk_DB_dev, to do operation
%UIMSG-APPLICATION-ERROR, Could not find component: EFX_ActionMenu_ProTk, in device: ProTk_DB_dev, for retrieve
%UIMSG-APPLICATION-ERROR, Could not find component: EFX_ActionMenu_ProTk, in device: ProTk_DB_dev, to do operation
%UIMSG-APPLICATION-ERROR, Could not find component: EFX_ActionMenu, in device: ProTk_DB_dev, for retrieve
%UIMSG-APPLICATION-ERROR, Could not find component: EFX_ActionMenu, in device: ProTk_DB_dev, to do operation
%UIMSG-APPLICATION-ERROR, Could not find component: EFX_ActionMenu_ProTk, in device: ProTk_DB_dev, for retrieve
%UIMSG-APPLICATION-ERROR, Could not find component: EFX_ActionMenu_ProTk, in device: ProTk_DB_dev, to do operation
%UIMSG-APPLICATION-ERROR, Component 'PHTLeft.PHFolders.TB_Shortcuts@main_dlg_w1' is being resized when UI_redraw_Attr = FALSE
%UIMSG-APPLICATION-ERROR, Component 'PHTLeft.PHFolders.sash_cmd_buttons@main_dlg_w1' is being resized when UI_redraw_Attr = FALSE
%UIMSG-APPLICATION-ERROR, Component 'EMBED_BROWSER THREADS LAYOUT@main_dlg_w1' is being resized when UI_redraw_Attr = FALSE
%UIMSG-APPLICATION-ERROR, Component 'EMBED_BROWSER_SMARTAB_LAYOUT@main_dlg_w1' is being resized when UI_redraw_Attr = FALSE
%UIMSG-APPLICATION-ERROR, Component 'EMBED_BROWSER_SMARTAB_LAYOUT_container@main_dlg_w1' is being resized when UI_redraw_Attr = FALSE
%UIMSG-APPLICATION-ERROR, Component 'EMBED_BROWSER_SMARTAB_LAYOUT_buttons_lay@main_dlg_w1' is being resized when UI_redraw_Attr = FALSE
%UIMSG-APPLICATION-ERROR, Parent EMBED_BROWSER_SMARTAB_LAYOUT_buttons_lay_ph.tab_container resizing child EMBED_BROWSER_SMARTAB_LAYOUT_buttons_lay_ph.page_0 (0,-1) (300x24) to be partially viewable in (0,0) (675x22)
%UIMSG-APPLICATION-ERROR, Parent EMBED_BROWSER_SMARTAB_LAYOUT_buttons_lay_ph.tab_container resizing child EMBED_BROWSER_SMARTAB_LAYOUT_buttons_lay_ph.pshNewPage_inside (300,-1) (26x24) to be partially viewable in (0,0) (675x22)
%UIMSG-APPLICATION-ERROR, Component 'EMBED_BROWSER_SMARTAB_LAYOUT_buttons_lay_ph.scrolled_tabs@main_dlg_w1' is being resized when UI_redraw_Attr = FALSE
%UIMSG-APPLICATION-ERROR, Parent EMBED_BROWSER_SMARTAB_LAYOUT_buttons_lay_ph.tab_container resizing child EMBED_BROWSER_SMARTAB_LAYOUT_buttons_lay_ph.page_0 (0,-1) (300x24) to be partially viewable in (0,0) (745x22)
%UIMSG-APPLICATION-ERROR, Parent EMBED_BROWSER_SMARTAB_LAYOUT_buttons_lay_ph.tab_container resizing child EMBED_BROWSER_SMARTAB_LAYOUT_buttons_lay_ph.pshNewPage_inside (300,-1) (26x24) to be partially viewable in (0,0) (745x22)
%UIMSG-APPLICATION-ERROR, Parent EMBED_BROWSER_SMARTAB_LAYOUT_buttons_lay_ph.tab_container resizing child EMBED_BROWSER_SMARTAB_LAYOUT_buttons_lay_ph.page_0 (0,-1) (300x24) to be partially viewable in (0,0) (745x22)
%UIMSG-APPLICATION-ERROR, Parent EMBED_BROWSER_SMARTAB_LAYOUT_buttons_lay_ph.tab_container resizing child EMBED_BROWSER_SMARTAB_LAYOUT_buttons_lay_ph.pshNewPage_inside (300,-1) (26x24) to be partially viewable in (0,0) (745x22)
%UIMSG-APPLICATION-ERROR, Parent EMBED_BROWSER_SMARTAB_LAYOUT_buttons_lay_ph.tab_container resizing child EMBED_BROWSER_SMARTAB_LAYOUT_buttons_lay_ph.page_0 (0,-1) (300x24) to be partially viewable in (0,0) (745x22)
%UIMSG-APPLICATION-ERROR, Parent EMBED_BROWSER_SMARTAB_LAYOUT_buttons_lay_ph.tab_container resizing child EMBED_BROWSER_SMARTAB_LAYOUT_buttons_lay_ph.pshNewPage_inside (300,-1) (26x24) to be partially viewable in (0,0) (745x22)
%UIMSG-APPLICATION-ERROR, Parent EMBED_BROWSER_SMARTAB_LAYOUT_buttons_lay_ph.tab_container resizing child EMBED_BROWSER_SMARTAB_LAYOUT_buttons_lay_ph.page_0 (0,-1) (300x24) to be partially viewable in (0,0) (745x22)
%UIMSG-APPLICATION-ERROR, Parent EMBED_BROWSER_SMARTAB_LAYOUT_buttons_lay_ph.tab_container resizing child EMBED_BROWSER_SMARTAB_LAYOUT_buttons_lay_ph.page_0 (0,-1) (300x24) to be partially viewable in (0,0) (745x22)
%UIMSG-APPLICATION-ERROR, Parent EMBED_BROWSER_SMARTAB_LAYOUT_buttons_lay_ph.tab_container resizing child EMBED_BROWSER_SMARTAB_LAYOUT_buttons_lay_ph.page_0 (0,-1) (300x24) to be partially viewable in (0,0) (745x22)
%UIMSG-APPLICATION-ERROR, Parent EMBED_BROWSER_SMARTAB_LAYOUT_buttons_lay_ph.tab_container resizing child EMBED_BROWSER_SMARTAB_LAYOUT_buttons_lay_ph.pshNewPage_inside (300,-1) (26x24) to be partially viewable in (0,0) (745x22)
%UIMSG-APPLICATION-ERROR, Parent EMBED_BROWSER_SMARTAB_LAYOUT_buttons_lay_ph.tab_container resizing child EMBED_BROWSER_SMARTAB_LAYOUT_buttons_lay_ph.pshNewPage_inside (300,-1) (26x24) to be partially viewable in (0,0) (745x22)
%UIMSG-APPLICATION-ERROR, Could not find component: Sub_type_label, in device: main_dlg_w1, for modify
%UIMSG-APPLICATION-ERROR, Could not find component: EMBED_BROWSER NATIVE UI TAB.Ph_preview.PvBrowser, in device: main_dlg_w1, for inquire
%UIMSG-APPLICATION-ERROR, Could not find component: Open, in device: main_dlg_w1, for modify
%UIMSG-APPLICATION-ERROR, Could not find component: Open, in device: main_dlg_w1, for modify
%UIMSG-APPLICATION-ERROR, AddComponent: common_popop_menu is not a unique name
%UIMSG-APPLICATION-ERROR, Failed to do operation 2053 to component: main_dlg_w1, in device: main_dlg_w1
%UIMSG-APPLICATION-ERROR, AddComponent: common_popup_open is not a unique name
%UIMSG-APPLICATION-ERROR, Failed to do operation 2053 to component: common_popop_menu, in device: main_dlg_w1
%UIMSG-APPLICATION-ERROR, AddComponent: pop_remove_from_common is not a unique name
%UIMSG-APPLICATION-ERROR, Failed to do operation 2053 to component: common_popop_menu, in device: main_dlg_w1
%UIMSG-APPLICATION-ERROR, AddComponent: pop_call_server_manager is not a unique name
%UIMSG-APPLICATION-ERROR, Failed to do operation 2053 to component: common_popop_menu, in device: main_dlg_w1
%UIMSG-APPLICATION-ERROR, AddComponent: pop_view_server_page is not a unique name
%UIMSG-APPLICATION-ERROR, Failed to do operation 2053 to component: common_popop_menu, in device: main_dlg_w1
%UIMSG-APPLICATION-ERROR, AddComponent: pop_set_primary_server is not a unique name
%UIMSG-APPLICATION-ERROR, Failed to do operation 2053 to component: common_popop_menu, in device: main_dlg_w1
%UIMSG-APPLICATION-ERROR, Could not find component: Open, in device: main_dlg_w1, for modify
%UIMSG-APPLICATION-ERROR, Could not find component: Open, in device: main_dlg_w1, for modify
%UIMSG-APPLICATION-ERROR, Could not find component: Open, in device: main_dlg_w1, for modify
%UIMSG-APPLICATION-ERROR, Could not find component: Open, in device: main_dlg_w1, for modify
%UIMSG-APPLICATION-ERROR, Could not find component: EMBED_BROWSER URL, in device: main_dlg_w1, for modify
%UIMSG-APPLICATION-ERROR, Could not find component: Open, in device: main_dlg_w1, for modify
%UIMSG-APPLICATION-ERROR, UI_get_screen_cursor_pos_Op is obsolete - use UI Desktop UI_get_cursor_pos_Op
%UIMSG-APPLICATION-ERROR, Could not find component: Open, in device: main_dlg_w1, for modify
%UIMSG-APPLICATION-ERROR, Attempt to select non-existent entry: , in RadioGroup: Representation@impt_new_model
%UIMSG-APPLICATION-ERROR, Failed to modify component: Representation, in device: impt_new_model
%UIMSG-APPLICATION-ERROR, Could not find component: PHBriefOpts.ph_lay_brief_type_opts.AutoRepair, in device: impt_new_model, for inquire
%UIMSG-APPLICATION-ERROR, Could not find component: PHBriefOpts.ph_lay_brief_type_opts.AutoRepair, in device: impt_new_model, for set action
%UIMSG-APPLICATION-ERROR, Could not find component: PHBriefOpts.ph_lay_brief_type_opts.FacetUnits, in device: impt_new_model, for inquire
%UIMSG-APPLICATION-ERROR, Could not find component: PHBriefOpts.ph_lay_brief_type_opts.FacetCustomUnit, in device: impt_new_model, for modify
%UIMSG-APPLICATION-ERROR, Could not find component: PHBriefOpts.ph_lay_brief_type_opts.FacetUnits, in device: impt_new_model, for set action
%UIMSG-APPLICATION-ERROR, No component name specified for ui_set_action
%UIMSG-APPLICATION-ERROR, Could not find component: Layou2, in device: impt_new_model, for modify
%UIMSG-APPLICATION-ERROR, UI_get_screen_cursor_pos_Op is obsolete - use UI Desktop UI_get_cursor_pos_Op
%UIMSG-APPLICATION-ERROR, UI_get_screen_cursor_pos_Op is obsolete - use UI Desktop UI_get_cursor_pos_Op
%UIMSG-APPLICATION-ERROR, Could not find component: PHBriefOpts.ph_lay_brief_type_opts.FacetCustomUnit, in device: impt_new_model, for inquire
%UIMSG-APPLICATION-ERROR, Could not find component: newtree, in device: newtree, for inquire
%UIMSG-APPLICATION-ERROR, Tree UI_tree_set_sash_pos_Op is obsolete - use UI_sash_position_Attr
%UIMSG-APPLICATION-ERROR, UI_tree_node_modify_Op of UI_TREE_NODE_TYPE is obsolete - use UI_item_modify_Op
%UIMSG-APPLICATION-ERROR, UI_tree_node_modify_Op of UI_TREE_NODE_TYPE is obsolete - use UI_item_modify_Op
%UIMSG-APPLICATION-ERROR, UI_tree_node_modify_Op of UI_TREE_NODE_TYPE is obsolete - use UI_item_modify_Op
%UIMSG-APPLICATION-ERROR, UI_tree_node_modify_Op of UI_TREE_NODE_TYPE is obsolete - use UI_item_modify_Op
%UIMSG-APPLICATION-ERROR, Could not find component: Selobj_bin, in device: rmb_popup, for modify
%UIMSG-APPLICATION-ERROR, No component name specified for ui_modify
%UIMSG-APPLICATION-ERROR, Could not find component: PHTLeft.ColAssignExpandChkBtn, in device: main_dlg_w1, for modify
%UIMSG-APPLICATION-ERROR, Component 'PHTLeft.SecondaryTreeSash@main_dlg_w1' is being resized when UI_redraw_Attr = FALSE
%UIMSG-APPLICATION-ERROR, Could not find component: PHTLeft.ColAssignExpandChkBtn, in device: main_dlg_w1, for modify
%UIMSG-APPLICATION-ERROR, Cannot modify Orientation of RadioGroup <Model:casc366617136:ProCmdATBNewComponents@main_dlg_w1> in menu
%UIMSG-COMMAND-ERROR, _uicmd_attribute_to_comp: Can't modify 'Model:casc366617136:ProCmdATBNewComponents@main_dlg_w1' from command attribute
%UIMSG-APPLICATION-ERROR, Component 'RegenStatusBarComp@main_dlg_w1' is being resized when UI_redraw_Attr = FALSE
%UIMSG-APPLICATION-ERROR, Component 'RegenStatusBarComp@main_dlg_w1' is being resized when UI_redraw_Attr = FALSE
%UIMSG-APPLICATION-ERROR, Could not find component: Next, in device: rmb_popup, for modify
%UIMSG-APPLICATION-ERROR, Could not find component: Next, in device: rmb_popup, for set action
%UIMSG-APPLICATION-ERROR, Could not find component: Next, in device: rmb_popup, for modify
%UIMSG-APPLICATION-ERROR, Could not find component: Next, in device: rmb_popup, for modify
%UIMSG-APPLICATION-ERROR, Could not find component: Next, in device: rmb_popup, for set action
%UIMSG-APPLICATION-ERROR, Could not find component: Next, in device: rmb_popup, for modify
%UIMSG-APPLICATION-ERROR, Could not find component: Next, in device: rmb_popup, for modify
%UIMSG-APPLICATION-ERROR, Could not find component: Next, in device: rmb_popup, for set action
%UIMSG-APPLICATION-ERROR, Could not find component: Next, in device: rmb_popup, for modify
%UIMSG-APPLICATION-ERROR, Could not find component: Next, in device: rmb_popup, for modify
%UIMSG-APPLICATION-ERROR, Could not find component: Next, in device: rmb_popup, for set action
%UIMSG-APPLICATION-ERROR, Could not find component: Next, in device: rmb_popup, for modify
%UIMSG-APPLICATION-ERROR, Could not find component: Next, in device: rmb_popup, for modify
%UIMSG-APPLICATION-ERROR, Could not find component: Next, in device: rmb_popup, for set action
%UIMSG-APPLICATION-ERROR, Could not find component: Next, in device: rmb_popup, for modify
%UIMSG-APPLICATION-ERROR, Could not find component: Next, in device: rmb_popup, for modify
%UIMSG-APPLICATION-ERROR, Could not find component: Next, in device: rmb_popup, for set action
%UIMSG-APPLICATION-ERROR, Could not find component: Next, in device: rmb_popup, for modify
%UIMSG-APPLICATION-ERROR, Could not find component: Next, in device: rmb_popup, for modify
%UIMSG-APPLICATION-ERROR, Could not find component: Next, in device: rmb_popup, for set action
%UIMSG-APPLICATION-ERROR, Could not find component: Next, in device: rmb_popup, for modify
%UIMSG-USER-ERROR, Cursor image "pan_cursor" has no hotspot
%UIMSG-APPLICATION-ERROR, Could not find component: Next, in device: rmb_popup, for modify
%UIMSG-APPLICATION-ERROR, Could not find component: Next, in device: rmb_popup, for set action
%UIMSG-APPLICATION-ERROR, Could not find component: Next, in device: rmb_popup, for modify
%UIMSG-APPLICATION-ERROR, Could not find component: Next, in device: rmb_popup, for modify
%UIMSG-APPLICATION-ERROR, Could not find component: Next, in device: rmb_popup, for set action
%UIMSG-APPLICATION-ERROR, Could not find component: Next, in device: rmb_popup, for modify
%UIMSG-APPLICATION-ERROR, Could not find component: Next, in device: rmb_popup, for modify
%UIMSG-APPLICATION-ERROR, Could not find component: Next, in device: rmb_popup, for set action
%UIMSG-APPLICATION-ERROR, Could not find component: Next, in device: rmb_popup, for modify
%UIMSG-APPLICATION-ERROR, Could not find component: Next, in device: rmb_popup, for modify
%UIMSG-APPLICATION-ERROR, Could not find component: Next, in device: rmb_popup, for set action
%UIMSG-APPLICATION-ERROR, Could not find component: Next, in device: rmb_popup, for modify
%UIMSG-APPLICATION-ERROR, Could not find component: Next, in device: rmb_popup, for modify
%UIMSG-APPLICATION-ERROR, Could not find component: Next, in device: rmb_popup, for set action
%UIMSG-APPLICATION-ERROR, Could not find component: Next, in device: rmb_popup, for modify
%UIMSG-APPLICATION-ERROR, Could not find component: Next, in device: rmb_popup, for modify
%UIMSG-APPLICATION-ERROR, Could not find component: Next, in device: rmb_popup, for set action
%UIMSG-APPLICATION-ERROR, Could not find component: Next, in device: rmb_popup, for modify
%UIMSG-APPLICATION-ERROR, Could not find component: Next, in device: rmb_popup, for modify
%UIMSG-APPLICATION-ERROR, Could not find component: Next, in device: rmb_popup, for set action
%UIMSG-APPLICATION-ERROR, Could not find component: Next, in device: rmb_popup, for modify
%UIMSG-APPLICATION-ERROR, Could not find component: Next, in device: rmb_popup, for modify
%UIMSG-APPLICATION-ERROR, Could not find component: Next, in device: rmb_popup, for set action
%UIMSG-APPLICATION-ERROR, Could not find component: Next, in device: rmb_popup, for modify
%UIMSG-USER-ERROR, Cursor image "pan_cursor" has no hotspot
%UIMSG-APPLICATION-ERROR, Could not find component: Selobj_group, in device: rmb_popup, for modify
%UIMSG-APPLICATION-ERROR, UI_tree_node_modify_Op of UI_TREE_NODE_TYPE is obsolete - use UI_item_modify_Op
%UIMSG-COMMAND-ERROR, _uicmd_access_find_named: could not find AccessId for "pause_wdg_explode_access"
%UIMSG-COMMAND-ERROR, uicmd_access_func_find_named: Failed to find access function name
%UIMSG-APPLICATION-ERROR, Cannot programmatically inquire attribute: HelpText, of component: t0@Odui_Dlg_00
%UIMSG-APPLICATION-ERROR, Failed to inquire of component: t0, in device: Odui_Dlg_00
%UIMSG-APPLICATION-ERROR, No component name specified for ui_inquire
%UIMSG-APPLICATION-ERROR, No component name specified for ui_inquire
%UIMSG-APPLICATION-ERROR, No component name specified for ui_inquire
%UIMSG-APPLICATION-ERROR, No component name specified for ui_inquire
%UIMSG-APPLICATION-ERROR, Could not find component: t0.Pause, in device: Odui_Dlg_00, for remove action
%UIMSG-APPLICATION-ERROR, Could not find component: t1.UsePrevPlnB, in device: Odui_Dlg_00, for remove action
%UIMSG-APPLICATION-ERROR, Could not find component: t1.FlipB, in device: Odui_Dlg_00, for remove action
%UIMSG-APPLICATION-ERROR, Could not find component: t1.SkViewOM, in device: Odui_Dlg_00, for remove action
%UIMSG-APPLICATION-ERROR, Could not find component: t2.HatchCB, in device: Odui_Dlg_00, for remove action
%UIMSG-APPLICATION-ERROR, Could not find component: t2.AngleInp_Wmo01, in device: Odui_Dlg_00, for remove action
%UIMSG-APPLICATION-ERROR, Could not find component: t2.AngleInp, in device: Odui_Dlg_00, for inquire
%UIMSG-APPLICATION-ERROR, Could not find component: Odui_Dlg_00, in device: Odui_Dlg_00, to do operation
%UIMSG-APPLICATION-ERROR, Could not find component: t2.NameInp_Wmo01, in device: Odui_Dlg_00, for remove action
%UIMSG-APPLICATION-ERROR, Could not find component: t2.NameInp, in device: Odui_Dlg_00, for inquire
%UIMSG-APPLICATION-ERROR, Could not find component: Odui_Dlg_00, in device: Odui_Dlg_00, to do operation
%UIMSG-USER-ERROR, Cursor image "pan_cursor" has no hotspot
%UIMSG-USER-ERROR, Cursor image "pan_cursor" has no hotspot
%UIMSG-USER-ERROR, Cursor image "pan_cursor" has no hotspot
%UIMSG-APPLICATION-ERROR, Could not find component: Next, in device: rmb_popup, for modify
%UIMSG-APPLICATION-ERROR, Could not find component: Next, in device: rmb_popup, for set action
%UIMSG-APPLICATION-ERROR, Could not find component: Next, in device: rmb_popup, for modify
%UIMSG-APPLICATION-ERROR, Could not find component: Next, in device: rmb_popup, for modify
%UIMSG-APPLICATION-ERROR, Could not find component: Next, in device: rmb_popup, for set action
%UIMSG-APPLICATION-ERROR, Could not find component: Next, in device: rmb_popup, for modify
%UIMSG-APPLICATION-ERROR, Could not find component: Next, in device: rmb_popup, for modify
%UIMSG-APPLICATION-ERROR, Could not find component: Next, in device: rmb_popup, for set action
%UIMSG-APPLICATION-ERROR, Could not find component: Next, in device: rmb_popup, for modify
%UIMSG-APPLICATION-ERROR, Could not find component: Next, in device: rmb_popup, for modify
%UIMSG-APPLICATION-ERROR, Could not find component: Next, in device: rmb_popup, for set action
%UIMSG-APPLICATION-ERROR, Could not find component: Next, in device: rmb_popup, for modify
%UIMSG-APPLICATION-ERROR, Could not find component: Next, in device: rmb_popup, for modify
%UIMSG-APPLICATION-ERROR, Could not find component: Next, in device: rmb_popup, for set action
%UIMSG-APPLICATION-ERROR, Could not find component: Next, in device: rmb_popup, for modify
%UIMSG-APPLICATION-ERROR, Could not find component: Next, in device: rmb_popup, for modify
%UIMSG-APPLICATION-ERROR, Could not find component: Next, in device: rmb_popup, for set action
%UIMSG-APPLICATION-ERROR, Could not find component: Next, in device: rmb_popup, for modify
%UIMSG-APPLICATION-ERROR, Could not find component: Next, in device: rmb_popup, for modify
%UIMSG-APPLICATION-ERROR, Could not find component: Next, in device: rmb_popup, for set action
%UIMSG-APPLICATION-ERROR, Could not find component: Next, in device: rmb_popup, for modify
%UIMSG-APPLICATION-ERROR, Could not find component: Next, in device: rmb_popup, for modify
%UIMSG-APPLICATION-ERROR, Could not find component: Next, in device: rmb_popup, for set action
%UIMSG-APPLICATION-ERROR, Could not find component: Next, in device: rmb_popup, for modify
%UIMSG-APPLICATION-ERROR, Could not find component: Next, in device: rmb_popup, for modify
%UIMSG-APPLICATION-ERROR, Could not find component: Next, in device: rmb_popup, for set action
%UIMSG-APPLICATION-ERROR, Could not find component: Next, in device: rmb_popup, for modify
%UIMSG-APPLICATION-ERROR, Could not find component: Next, in device: rmb_popup, for modify
%UIMSG-APPLICATION-ERROR, Could not find component: Next, in device: rmb_popup, for set action
%UIMSG-APPLICATION-ERROR, Could not find component: Next, in device: rmb_popup, for modify
%UIMSG-APPLICATION-ERROR, KillTimer: A timer named "EmbedBrowserTimer" does not exist on UI Desktop@UI Desktop
%UIMSG-APPLICATION-ERROR, Failed to do operation 2217 to component: UI Desktop, in device: UI Desktop
